<?xml version="1.0" encoding="UTF-8"?>
<!-- Generated by org.testng.reporters.JUnitReportReporter -->
<testsuite hostname="DESKTOP-G6T0SJ9" failures="0" tests="5" name="com.PrestaShop.test2.AddNewCategory" time="17.728" errors="0" timestamp="2020-05-11T23:56:44 MSK" skipped="0">
  <testcase classname="com.PrestaShop.test2.AddNewCategory" name="signIn" time="5.482"/>
  <testcase classname="com.PrestaShop.test2.AddNewCategory" name="addNewCategory" time="7.248"/>
  <testcase classname="com.PrestaShop.test2.AddNewCategory" name="logOut" time="1.651"/>
  <testcase classname="com.PrestaShop.test2.AddNewCategory" name="categorySection" time="1.710"/>
  <testcase classname="com.PrestaShop.test2.AddNewCategory" name="checkingNewCategory" time="1.637"/>
</testsuite> <!-- com.PrestaShop.test2.AddNewCategory -->
