<?xml version="1.0" encoding="UTF-8"?>
<!-- Generated by org.testng.reporters.JUnitReportReporter -->
<testsuite hostname="DESKTOP-G6T0SJ9" failures="0" tests="2" name="com.PrestaShop.test1.LoginAndLogout" time="9.391" errors="0" timestamp="2020-05-11T23:56:44 MSK" skipped="0">
  <testcase classname="com.PrestaShop.test1.LoginAndLogout" name="login" time="5.575"/>
  <testcase classname="com.PrestaShop.test1.LoginAndLogout" name="logout" time="3.816"/>
</testsuite> <!-- com.PrestaShop.test1.LoginAndLogout -->
