<?xml version="1.0" encoding="UTF-8"?>
<!-- Generated by org.testng.reporters.JUnitReportReporter -->
<testsuite hostname="DESKTOP-G6T0SJ9" failures="0" tests="6" name="com.PrestaShop.test3.CreatingANewProduct" time="51.944" errors="0" timestamp="2020-05-11T23:56:44 MSK" skipped="0">
  <testcase classname="com.PrestaShop.test3.CreatingANewProduct" name="signIn" time="2.188"/>
  <testcase classname="com.PrestaShop.test3.CreatingANewProduct" name="checkNewProduct" time="11.414"/>
  <testcase classname="com.PrestaShop.test3.CreatingANewProduct" name="logOut" time="21.961"/>
  <testcase classname="com.PrestaShop.test3.CreatingANewProduct" name="newProduct" time="9.393"/>
  <testcase classname="com.PrestaShop.test3.CreatingANewProduct" name="productActivation" time="3.333"/>
  <testcase classname="com.PrestaShop.test3.CreatingANewProduct" name="productSection" time="3.655"/>
</testsuite> <!-- com.PrestaShop.test3.CreatingANewProduct -->
